0 info it worked if it ends with ok
1 verbose cli [ 'D:\\Program Files\\nodejs\\node.exe',
1 verbose cli   'C:\\Users\\Administrator\\AppData\\Roaming\\npm\\node_modules\\npm\\bin\\npm-cli.js',
1 verbose cli   'start' ]
2 info using npm@3.10.10
3 info using node@v4.4.7
4 verbose run-script [ 'prestart', 'start', 'poststart' ]
5 info lifecycle server@0.0.0~prestart: server@0.0.0
6 silly lifecycle server@0.0.0~prestart: no script for prestart, continuing
7 info lifecycle server@0.0.0~start: server@0.0.0
8 verbose lifecycle server@0.0.0~start: unsafe-perm in lifecycle true
9 verbose lifecycle server@0.0.0~start: PATH: C:\Users\Administrator\AppData\Roaming\npm\node_modules\npm\bin\node-gyp-bin;E:\hybrid\ShareProject\RNDemo\lark\server\node_modules\.bin;C:\Python27\;C:\Python27\Scripts;D:\Program Files\python\Scripts\;D:\Program Files\python\;C:\ProgramData\Oracle\Java\javapath;C:\WINDOWS\system32;C:\WINDOWS;C:\WINDOWS\System32\Wbem;C:\WINDOWS\System32\WindowsPowerShell\v1.0\;C:\Program Files (x86)\NVIDIA Corporation\PhysX\Common;C:\Program Files (x86)\Windows Kits\8.1\Windows Performance Toolkit\;d:\Program Files\Git\cmd;d:\Program Files\Git\mingw64\bin;d:\Program Files\Git\usr\bin;D:\Program Files\nodejs\;C:\WINDOWS\system32;C:\WINDOWS;C:\WINDOWS\System32\Wbem;C:\WINDOWS\System32\WindowsPowerShell\v1.0\;C:\Program Files\MySQL\MySQL Utilities 1.6\;D:\Program Files\TortoiseSVN\bin;C:\ProgramData\chocolatey\bin;D:\Java\jdk1.8.0_92\bin;D:\Program Files\TortoiseSVN\bin;D:\android-sdk\ndk-bundle;D:\Program Files\opencv\build\x64\vc14\bin;D:\android-studio\gradle\gradle-3.2\bin;D:\eclipse\plugins\org.apache.ant_1.9.2.v201404171502\bin;D:\ANDROID_TOOLS\swigwin-3.0.8;D:\android-sdk\tools;C:\Users\Administrator\AppData\Roaming\npm;D:\android-sdk\platform-tools;C:\Users\Administrator\AppData\Local\Microsoft\WindowsApps;C:\Program Files\MySQL\MySQL Server 5.7\bin;D:\Program Files\JetBrains\IntelliJ IDEA 2017.1.2\plugins\maven\lib\maven3\bin;E:\tomcat\apache-tomcat-8.0.36\bin;C:\Program Files (x86)\SSH Communications Security\SSH Secure Shell;C:\Program Files (x86)\H2\bin;D:\develop_tools\curl-7.51.0-win64-mingw\bin;D:\develop_tools\rabbitmq_server-3.6.0\sbin;D:\develop_tools\erl8.1\bin;D:\develop_tools\spring-1.2.3.RELEASE\bin;D:\develop_tools\groovy-2.4.7\bin;D:\develop_tools\red5-server
10 verbose lifecycle server@0.0.0~start: CWD: E:\hybrid\ShareProject\RNDemo\lark\server
11 silly lifecycle server@0.0.0~start: Args: [ '/d /s /c', 'node ./bin/www' ]
12 silly lifecycle server@0.0.0~start: Returned: code: 3221225786  signal: null
13 info lifecycle server@0.0.0~start: Failed to exec start script
14 verbose stack Error: server@0.0.0 start: `node ./bin/www`
14 verbose stack Exit status 3221225786
14 verbose stack     at EventEmitter.<anonymous> (C:\Users\Administrator\AppData\Roaming\npm\node_modules\npm\lib\utils\lifecycle.js:255:16)
14 verbose stack     at emitTwo (events.js:87:13)
14 verbose stack     at EventEmitter.emit (events.js:172:7)
14 verbose stack     at ChildProcess.<anonymous> (C:\Users\Administrator\AppData\Roaming\npm\node_modules\npm\lib\utils\spawn.js:40:14)
14 verbose stack     at emitTwo (events.js:87:13)
14 verbose stack     at ChildProcess.emit (events.js:172:7)
14 verbose stack     at maybeClose (internal/child_process.js:827:16)
14 verbose stack     at Process.ChildProcess._handle.onexit (internal/child_process.js:211:5)
15 verbose pkgid server@0.0.0
16 verbose cwd E:\hybrid\ShareProject\RNDemo\lark\server
17 error Windows_NT 10.0.14393
18 error argv "D:\\Program Files\\nodejs\\node.exe" "C:\\Users\\Administrator\\AppData\\Roaming\\npm\\node_modules\\npm\\bin\\npm-cli.js" "start"
19 error node v4.4.7
20 error npm  v3.10.10
21 error code ELIFECYCLE
22 error server@0.0.0 start: `node ./bin/www`
22 error Exit status 3221225786
23 error Failed at the server@0.0.0 start script 'node ./bin/www'.
23 error Make sure you have the latest version of node.js and npm installed.
23 error If you do, this is most likely a problem with the server package,
23 error not with npm itself.
23 error Tell the author that this fails on your system:
23 error     node ./bin/www
23 error You can get information on how to open an issue for this project with:
23 error     npm bugs server
23 error Or if that isn't available, you can get their info via:
23 error     npm owner ls server
23 error There is likely additional logging output above.
24 verbose exit [ 1, true ]
